-------------------------------------------------------------------------------
Test set: tests.ArticleTests
-------------------------------------------------------------------------------
Tests run: 2, Failures: 0, Errors: 1, Skipped: 0, Time elapsed: 46.853 s <<< FAILURE! - in tests.ArticleTests
testSaveArticlesToMyListDeleteAndCheckTitles(tests.ArticleTests)  Time elapsed: 33.407 s  <<< ERROR!
org.openqa.selenium.InvalidElementStateException: 
Cannot perform TouchMove action at (216, 1179)
Build info: version: '3.12.0', revision: '7c6e0b3', time: '2018-05-08T14:04:26.12Z'
System info: host: 'SIGMA-11000', ip: '10.196.81.57', os.name: 'Windows 10', os.arch: 'amd64', os.version: '10.0', java.version: '17.0.1'
Driver info: io.appium.java_client.android.AndroidDriver
Capabilities {app: C:/Users/kalekseenko/JavaAp..., appActivity: .main.MainActivity, appPackage: org.wikipedia, automationName: Appium, databaseEnabled: false, desired: {app: C:/Users/kalekseenko/JavaAp..., appActivity: .main.MainActivity, appPackage: org.wikipedia, automationName: Appium, deviceName: emulator-5554, platformName: android, platformVersion: 11}, deviceApiLevel: 30, deviceManufacturer: Google, deviceModel: sdk_gphone_x86, deviceName: emulator-5554, deviceScreenDensity: 480, deviceScreenSize: 1080x1920, deviceUDID: emulator-5554, javascriptEnabled: true, locationContextEnabled: false, networkConnectionEnabled: true, pixelRatio: 3, platform: LINUX, platformName: Android, platformVersion: 11, statBarHeight: 72, takesScreenshot: true, viewportRect: {height: 1704, left: 0, top: 72, width: 1080}, warnings: {}, webStorageEnabled: false}
Session ID: 4e8b1f65-69a8-48cd-a36e-031661a070fd
	at tests.ArticleTests.testSaveArticlesToMyListDeleteAndCheckTitles(ArticleTests.java:39)

